Start testing: Apr 30 02:56 CEST
----------------------------------------------------------
1/4 Testing: test_1_chess_project
1/4 Test: test_1_chess_project
Command: "/home/ethan/chess-project/test-level.sh" "1" "./chess_project"
Directory: /home/ethan/chess-project
"test_1_chess_project" start time: Apr 30 02:56 CEST
Output:
----------------------------------------------------------
* Setting [0;34m./chess_project[0m passed as a parameter.
[0;33m> data/1-leg-bish-knight.txt[0m
* Testing ========== data/1-leg-bish-knight.txt 
  -> [0;32mreference position: OK[0m
  -> [0;32mreference result: OK[0m
  -> [0m(exit code=0)
[0;33m> data/1-leg-bishop-1.txt[0m
* Testing ========== data/1-leg-bishop-1.txt 
  -> [0;32mreference position: OK[0m
  -> [0;32mreference result: OK[0m
  -> [0m(exit code=0)
[0;33m> data/1-leg-knight-1.txt[0m
* Testing ========== data/1-leg-knight-1.txt 
  -> [0;32mreference position: OK[0m
  -> [0;32mreference result: OK[0m
  -> [0m(exit code=0)
[0;33m> data/1-leg-obstacle.txt[0m
* Testing ========== data/1-leg-obstacle.txt 
  -> [0;32mreference position: OK[0m
  -> [0;32mreference result: OK[0m
  -> [0m(exit code=0)
[0;33m> data/1-leg-pawn-1.txt[0m
* Testing ========== data/1-leg-pawn-1.txt 
  -> [0;32mreference position: OK[0m
  -> [0;32mreference result: OK[0m
  -> [0m(exit code=0)
[0;33m> data/1-ill-bishop-1.txt[0m
* Testing ========== data/1-ill-bishop-1.txt 
  -> [0;32mreference position: OK[0m
  -> [0;32mreference result: OK[0m
  -> [0m(exit code=0)
[0;33m> data/1-ill-diagonal-obstacle.txt[0m
* Testing ========== data/1-ill-diagonal-obstacle.txt 
  -> [0;32mreference position: OK[0m
  -> [0;32mreference result: OK[0m
  -> [0m(exit code=0)
[0;33m> data/1-ill-knight-1.txt[0m
* Testing ========== data/1-ill-knight-1.txt 
  -> [0;32mreference position: OK[0m
  -> [0;32mreference result: OK[0m
  -> [0m(exit code=0)
[0;33m> data/1-ill-line-obstacle.txt[0m
* Testing ========== data/1-ill-line-obstacle.txt 
  -> [0;32mreference position: OK[0m
  -> [0;32mreference result: OK[0m
  -> [0m(exit code=0)
[0;33m> data/1-ill-pawn-1.txt[0m
* Testing ========== data/1-ill-pawn-1.txt 
  -> [0;32mreference position: OK[0m
  -> [0;32mreference result: OK[0m
  -> [0m(exit code=0)
[0;33m> data/1-ill-rook-1.txt[0m
* Testing ========== data/1-ill-rook-1.txt 
  -> [0;32mreference position: OK[0m
  -> [0;32mreference result: OK[0m
  -> [0m(exit code=0)
<end of output>
Test time =   0.45 sec
----------------------------------------------------------
Test Passed.
"test_1_chess_project" end time: Apr 30 02:56 CEST
"test_1_chess_project" time elapsed: 00:00:00
----------------------------------------------------------

2/4 Testing: test_2_chess_project
2/4 Test: test_2_chess_project
Command: "/home/ethan/chess-project/test-level.sh" "2" "./chess_project"
Directory: /home/ethan/chess-project
"test_2_chess_project" start time: Apr 30 02:56 CEST
Output:
----------------------------------------------------------
* Setting [0;34m./chess_project[0m passed as a parameter.
[0;33m> data/2-leg-chess-1.txt[0m
* Testing ========== data/2-leg-chess-1.txt 
  -> [0;32mreference position: OK[0m
  -> [0;32mreference result: OK[0m
  -> [0m(exit code=0)
[0;33m> data/2-leg-chess-2.txt[0m
* Testing ========== data/2-leg-chess-2.txt 
  -> [0;32mreference position: OK[0m
  -> [0;32mreference result: OK[0m
  -> [0m(exit code=0)
[0;33m> data/2-ill-chess-1.txt[0m
* Testing ========== data/2-ill-chess-1.txt 
  -> [0;32mreference position: OK[0m
  -> [0;32mreference result: OK[0m
  -> [0m(exit code=0)
[0;33m> data/2-ill-move-after-chess.txt[0m
* Testing ========== data/2-ill-move-after-chess.txt 
  -> [0;32mreference position: OK[0m
  -> [0;32mreference result: OK[0m
  -> [0m(exit code=0)
<end of output>
Test time =   0.15 sec
----------------------------------------------------------
Test Passed.
"test_2_chess_project" end time: Apr 30 02:56 CEST
"test_2_chess_project" time elapsed: 00:00:00
----------------------------------------------------------

3/4 Testing: test_3_chess_project
3/4 Test: test_3_chess_project
Command: "/home/ethan/chess-project/test-level.sh" "3" "./chess_project"
Directory: /home/ethan/chess-project
"test_3_chess_project" start time: Apr 30 02:56 CEST
Output:
----------------------------------------------------------
* Setting [0;34m./chess_project[0m passed as a parameter.
[0;33m> data/3-leg-kside-castling-1.txt[0m
* Testing ========== data/3-leg-kside-castling-1.txt 
  -> [0;32mreference position: OK[0m
  -> [0;32mreference result: OK[0m
  -> [0m(exit code=0)
[0;33m> data/3-leg-kside-castling-2.txt[0m
* Testing ========== data/3-leg-kside-castling-2.txt 
  -> [0;32mreference position: OK[0m
  -> [0;32mreference result: OK[0m
  -> [0m(exit code=0)
[0;33m> data/3-leg-kside-castling-king-move.txt[0m
* Testing ========== data/3-leg-kside-castling-king-move.txt 
  -> [0;32mreference position: OK[0m
  -> [0;32mreference result: OK[0m
  -> [0m(exit code=0)
[0;33m> data/3-leg-pawn-passing.txt[0m
* Testing ========== data/3-leg-pawn-passing.txt 
  -> [0;32mreference position: OK[0m
  -> [0;32mreference result: OK[0m
  -> [0m(exit code=0)
[0;33m> data/3-leg-promo-bbishop.txt[0m
* Testing ========== data/3-leg-promo-bbishop.txt 
  -> [0;32mreference position: OK[0m
  -> [0;32mreference result: OK[0m
  -> [0m(exit code=0)
[0;33m> data/3-leg-promo-bknight.txt[0m
* Testing ========== data/3-leg-promo-bknight.txt 
  -> [0;32mreference position: OK[0m
  -> [0;32mreference result: OK[0m
  -> [0m(exit code=0)
[0;33m> data/3-leg-promo-bqueen.txt[0m
* Testing ========== data/3-leg-promo-bqueen.txt 
  -> [0;32mreference position: OK[0m
  -> [0;32mreference result: OK[0m
  -> [0m(exit code=0)
[0;33m> data/3-leg-promo-brook.txt[0m
* Testing ========== data/3-leg-promo-brook.txt 
  -> [0;32mreference position: OK[0m
  -> [0;32mreference result: OK[0m
  -> [0m(exit code=0)
[0;33m> data/3-leg-promo-wbishop.txt[0m
* Testing ========== data/3-leg-promo-wbishop.txt 
  -> [0;32mreference position: OK[0m
  -> [0;32mreference result: OK[0m
  -> [0m(exit code=0)
[0;33m> data/3-leg-promo-wknight.txt[0m
* Testing ========== data/3-leg-promo-wknight.txt 
  -> [0;32mreference position: OK[0m
  -> [0;32mreference result: OK[0m
  -> [0m(exit code=0)
[0;33m> data/3-leg-promo-wqueen-mat.txt[0m
* Testing ========== data/3-leg-promo-wqueen-mat.txt 
  -> [0;32mreference position: OK[0m
  -> [0;32mreference result: OK[0m
  -> [0m(exit code=0)
[0;33m> data/3-leg-promo-wqueen.txt[0m
* Testing ========== data/3-leg-promo-wqueen.txt 
  -> [0;32mreference position: OK[0m
  -> [0;32mreference result: OK[0m
  -> [0m(exit code=0)
[0;33m> data/3-leg-promo-wrook-mat.txt[0m
* Testing ========== data/3-leg-promo-wrook-mat.txt 
  -> [0;32mreference position: OK[0m
  -> [0;32mreference result: OK[0m
  -> [0m(exit code=0)
[0;33m> data/3-leg-promo-wrook.txt[0m
* Testing ========== data/3-leg-promo-wrook.txt 
  -> [0;32mreference position: OK[0m
  -> [0;32mreference result: OK[0m
  -> [0m(exit code=0)
[0;33m> data/3-leg-qside-castling-1.txt[0m
* Testing ========== data/3-leg-qside-castling-1.txt 
  -> [0;32mreference position: OK[0m
  -> [0;32mreference result: OK[0m
  -> [0m(exit code=0)
[0;33m> data/3-leg-qside-castling-2.txt[0m
* Testing ========== data/3-leg-qside-castling-2.txt 
  -> [0;32mreference position: OK[0m
  -> [0;32mreference result: OK[0m
  -> [0m(exit code=0)
[0;33m> data/3-ill-kside-castling-1.txt[0m
* Testing ========== data/3-ill-kside-castling-1.txt 
  -> [0;32mreference position: OK[0m
  -> [0;32mreference result: OK[0m
  -> [0m(exit code=0)
[0;33m> data/3-ill-pawn-passing-1.txt[0m
* Testing ========== data/3-ill-pawn-passing-1.txt 
  -> [0;32mreference position: OK[0m
  -> [0;32mreference result: OK[0m
  -> [0m(exit code=0)
[0;33m> data/3-ill-pawn-passing-2.txt[0m
* Testing ========== data/3-ill-pawn-passing-2.txt 
  -> [0;32mreference position: OK[0m
  -> [0;32mreference result: OK[0m
  -> [0m(exit code=0)
[0;33m> data/3-ill-pawn-passing-3.txt[0m
* Testing ========== data/3-ill-pawn-passing-3.txt 
  -> [0;32mreference position: OK[0m
  -> [0;32mreference result: OK[0m
  -> [0m(exit code=0)
[0;33m> data/3-ill-qside-castling-1.txt[0m
* Testing ========== data/3-ill-qside-castling-1.txt 
  -> [0;32mreference position: OK[0m
  -> [0;32mreference result: OK[0m
  -> [0m(exit code=0)
[0;33m> data/3-ill-qside-castling-2.txt[0m
* Testing ========== data/3-ill-qside-castling-2.txt 
  -> [0;32mreference position: OK[0m
  -> [0;32mreference result: OK[0m
  -> [0m(exit code=0)
<end of output>
Test time =   0.95 sec
----------------------------------------------------------
Test Passed.
"test_3_chess_project" end time: Apr 30 02:56 CEST
"test_3_chess_project" time elapsed: 00:00:00
----------------------------------------------------------

4/4 Testing: test_4_chess_project
4/4 Test: test_4_chess_project
Command: "/home/ethan/chess-project/test-level.sh" "4" "./chess_project"
Directory: /home/ethan/chess-project
"test_4_chess_project" start time: Apr 30 02:56 CEST
Output:
----------------------------------------------------------
* Setting [0;34m./chess_project[0m passed as a parameter.
[0;33m> data/4-leg-mat-1.txt[0m
* Testing ========== data/4-leg-mat-1.txt 
  -> [0;32mreference position: OK[0m
  -> [0;32mreference result: OK[0m
  -> [0m(exit code=0)
[0;33m> data/4-leg-mat-berger.txt[0m
* Testing ========== data/4-leg-mat-berger.txt 
  -> [0;32mreference position: OK[0m
  -> [0;32mreference result: OK[0m
  -> [0m(exit code=0)
[0;33m> data/4-leg-mat-decouv.txt[0m
* Testing ========== data/4-leg-mat-decouv.txt 
  -> [0;32mreference position: OK[0m
  -> [0;32mreference result: OK[0m
  -> [0m(exit code=0)
[0;33m> data/4-leg-mat-parade.txt[0m
* Testing ========== data/4-leg-mat-parade.txt 
  -> [0;32mreference position: OK[0m
  -> [0;32mreference result: OK[0m
  -> [0m(exit code=0)
[0;33m> data/4-leg-pat.txt[0m
* Testing ========== data/4-leg-pat.txt 
  -> [0;32mreference position: OK[0m
  -> [0;32mreference result: OK[0m
  -> [0m(exit code=0)
<end of output>
Test time =   0.62 sec
----------------------------------------------------------
Test Passed.
"test_4_chess_project" end time: Apr 30 02:56 CEST
"test_4_chess_project" time elapsed: 00:00:00
----------------------------------------------------------

End testing: Apr 30 02:56 CEST
